[18:52:22] [ServerMain/INFO]: Environment: Environment[sessionHost=https://sessionserver.mojang.com, servicesHost=https://api.minecraftservices.com, name=PROD]
[18:52:22] [ServerMain/INFO]: No existing world data, creating new world
[18:52:23] [ServerMain/INFO]: Loaded 1337 recipes
[18:52:23] [ServerMain/INFO]: Loaded 1448 advancements
[18:52:23] [Server thread/INFO]: Starting minecraft server version 1.21.3
[18:52:23] [Server thread/INFO]: Loading properties
[18:52:23] [Server thread/INFO]: Default game type: SURVIVAL
[18:52:23] [Server thread/INFO]: Generating keypair
[18:52:23] [Server thread/INFO]: Starting Minecraft server on *:25565
[18:52:23] [Server thread/INFO]: Using epoll channel type
[18:52:23] [Server thread/WARN]: **** SERVER IS RUNNING IN OFFLINE/INSECURE MODE!
[18:52:23] [Server thread/WARN]: The server will make no attempt to authenticate usernames. Beware.
[18:52:23] [Server thread/WARN]: While this makes the game possible to play without internet access, it also opens up the ability for hackers to connect with any username they choose.
[18:52:23] [Server thread/WARN]: To change this, set "online-mode" to "true" in the server.properties file.
[18:52:23] [Server thread/INFO]: Preparing level "world"
[18:52:29] [Server thread/INFO]: Preparing start region for dimension minecraft:overworld
[18:52:29] [Worker-Main-1/INFO]: Preparing spawn area: 2%
[18:52:29] [Worker-Main-3/INFO]: Preparing spawn area: 2%
[18:52:30] [Worker-Main-1/INFO]: Preparing spawn area: 2%
[18:52:30] [Worker-Main-2/INFO]: Preparing spawn area: 2%
[18:52:31] [Worker-Main-3/INFO]: Preparing spawn area: 18%
[18:52:31] [Worker-Main-1/INFO]: Preparing spawn area: 18%
[18:52:32] [Worker-Main-1/INFO]: Preparing spawn area: 22%
[18:52:32] [Worker-Main-1/INFO]: Preparing spawn area: 51%
[18:52:33] [Worker-Main-3/INFO]: Preparing spawn area: 51%
[18:52:33] [Worker-Main-2/INFO]: Preparing spawn area: 51%
[18:52:34] [Server thread/INFO]: Time elapsed: 4635 ms
[18:52:34] [Server thread/INFO]: Done (10.069s)! For help, type "help"
[18:53:33] [Server thread/INFO]: Server empty for 60 seconds, pausing
[18:55:47] [Server thread/INFO]: Stopping the server
[18:55:47] [Server thread/INFO]: Stopping server
[18:55:47] [Server thread/INFO]: Saving players
[18:55:47] [Server thread/INFO]: Saving worlds
[18:55:47] [Server thread/INFO]: Saving chunks for level 'ServerLevel[world]'/minecraft:overworld
[18:55:48] [Server thread/INFO]: Saving chunks for level 'ServerLevel[world]'/minecraft:the_nether
[18:55:48] [Server thread/INFO]: Saving chunks for level 'ServerLevel[world]'/minecraft:the_end
[18:55:48] [Server thread/INFO]: ThreadedAnvilChunkStorage (world): All chunks are saved
[18:55:48] [Server thread/INFO]: ThreadedAnvilChunkStorage (DIM-1): All chunks are saved
[18:55:48] [Server thread/INFO]: ThreadedAnvilChunkStorage (DIM1): All chunks are saved
[18:55:48] [Server thread/INFO]: ThreadedAnvilChunkStorage: All dimensions are saved
